This is e-pTeX, Version 3.14159265-p3.6-141210-2.6 (utf8.euc) (TeX Live 2015) (preloaded format=platex 2015.12.22)  22 DEC 2015 10:39
entering extended mode
 restricted \write18 enabled.
 file:line:error style messages enabled.
 %&-line parsing enabled.
**0-abstract.tex
(./0-abstract.tex
pLaTeX2e <2006/11/10> (based on LaTeX2e <2015/10/01> patch level 2)
Babel <3.9m> and hyphenation patterns for 79 languages loaded.
./0-abstract.tex:1: Undefined control sequence.
l.1 \abstract
             
? 
./0-abstract.tex:1: Emergency stop.
l.1 \abstract
             
End of file on the terminal!

 
Here is how much of TeX's memory you used:
 4 strings out of 493742
 54 string characters out of 6151251
 53606 words of memory out of 5000000
 3631 multiletter control sequences out of 15000+600000
 7519 words of font info for 31 fonts, out of 8000000 for 9000
 929 hyphenation exceptions out of 8191
 5i,0n,1p,26b,8s stack positions out of 5000i,500n,10000p,200000b,80000s
No pages of output.
